2020-07-27 14:34:42 PM - INFO - run: Script started
2020-07-27 14:34:43 PM - INFO - main: start cycling page
2020-07-27 14:35:46 PM - INFO - main: 49 pages are cycled
2020-07-27 14:35:46 PM - INFO - main: released memory space from rurl_list
2020-07-27 14:35:46 PM - INFO - main: prepare to write 000001
2020-07-27 14:35:46 PM - INFO - main: released memory space
2020-07-27 14:35:46 PM - INFO - main: start cycling page
2020-07-27 14:37:42 PM - INFO - main: 86 pages are cycled
2020-07-27 14:37:42 PM - INFO - main: released memory space from rurl_list
2020-07-27 14:37:42 PM - INFO - main: prepare to write 000002
2020-07-27 14:37:42 PM - INFO - main: released memory space
2020-07-27 14:37:43 PM - INFO - main: start cycling page
2020-07-27 14:38:40 PM - INFO - main: 39 pages are cycled
2020-07-27 14:38:40 PM - INFO - main: released memory space from rurl_list
2020-07-27 14:38:40 PM - INFO - main: prepare to write 000006
2020-07-27 14:38:40 PM - INFO - main: released memory space
2020-07-27 14:38:40 PM - INFO - main: start cycling page
2020-07-27 14:39:35 PM - INFO - main: 35 pages are cycled
2020-07-27 14:39:35 PM - INFO - main: released memory space from rurl_list
2020-07-27 14:39:35 PM - INFO - main: prepare to write 000011
2020-07-27 14:39:35 PM - INFO - main: released memory space
2020-07-27 14:39:36 PM - INFO - main: start cycling page
2020-07-27 14:40:43 PM - INFO - main: 56 pages are cycled
2020-07-27 14:40:43 PM - INFO - main: released memory space from rurl_list
2020-07-27 14:40:43 PM - INFO - main: prepare to write 000012
2020-07-27 14:40:43 PM - INFO - main: released memory space
2020-07-27 14:40:43 PM - INFO - main: start cycling page
2020-07-27 14:41:28 PM - INFO - main: 29 pages are cycled
2020-07-27 14:41:28 PM - INFO - main: released memory space from rurl_list
2020-07-27 14:41:28 PM - INFO - main: prepare to write 000014
2020-07-27 14:41:28 PM - INFO - main: released memory space
2020-07-27 14:41:29 PM - INFO - main: start cycling page
2020-07-27 14:42:48 PM - INFO - main: 59 pages are cycled
2020-07-27 14:42:48 PM - INFO - main: released memory space from rurl_list
2020-07-27 14:42:48 PM - INFO - main: prepare to write 000016
2020-07-27 14:42:48 PM - INFO - main: released memory space
2020-07-27 14:42:48 PM - INFO - main: start cycling page
2020-07-27 14:43:57 PM - INFO - main: 57 pages are cycled
2020-07-27 14:43:57 PM - INFO - main: released memory space from rurl_list
2020-07-27 14:43:57 PM - INFO - main: prepare to write 000019
2020-07-27 14:43:57 PM - INFO - main: released memory space
2020-07-27 14:43:57 PM - INFO - main: start cycling page
2020-07-27 14:47:04 PM - INFO - main: 44 pages are cycled
2020-07-27 14:47:04 PM - INFO - main: released memory space from rurl_list
2020-07-27 14:47:04 PM - INFO - main: prepare to write 000020
2020-07-27 14:47:04 PM - INFO - main: released memory space
2020-07-27 14:47:04 PM - INFO - main: start cycling page
2020-07-27 14:47:54 PM - INFO - main: 37 pages are cycled
2020-07-27 14:47:54 PM - INFO - main: released memory space from rurl_list
2020-07-27 14:47:54 PM - INFO - main: prepare to write 002001
2020-07-27 14:47:54 PM - INFO - main: released memory space
2020-07-27 14:47:55 PM - INFO - main: start cycling page
2020-07-27 14:48:55 PM - INFO - main: 45 pages are cycled
2020-07-27 14:48:55 PM - INFO - main: released memory space from rurl_list
2020-07-27 14:48:55 PM - INFO - main: prepare to write 002003
2020-07-27 14:48:55 PM - INFO - main: released memory space
2020-07-27 14:48:56 PM - INFO - main: start cycling page
2020-07-27 14:52:31 PM - INFO - main: 75 pages are cycled
2020-07-27 14:52:31 PM - INFO - main: released memory space from rurl_list
2020-07-27 14:52:31 PM - INFO - main: prepare to write 002005
2020-07-27 14:52:31 PM - INFO - main: released memory space
2020-07-27 14:52:32 PM - INFO - main: start cycling page
2020-07-27 14:54:09 PM - INFO - main: 68 pages are cycled
2020-07-27 14:54:09 PM - INFO - main: released memory space from rurl_list
2020-07-27 14:54:09 PM - INFO - main: prepare to write 300001
2020-07-27 14:54:09 PM - INFO - main: released memory space
2020-07-27 14:54:09 PM - INFO - main: start cycling page
2020-07-27 14:55:21 PM - INFO - main: 66 pages are cycled
2020-07-27 14:55:21 PM - INFO - main: released memory space from rurl_list
2020-07-27 14:55:21 PM - INFO - main: prepare to write 300002
2020-07-27 14:55:21 PM - INFO - main: released memory space
2020-07-27 14:55:22 PM - INFO - main: start cycling page
2020-07-27 14:56:43 PM - INFO - main: 70 pages are cycled
2020-07-27 14:56:43 PM - INFO - main: released memory space from rurl_list
2020-07-27 14:56:43 PM - INFO - main: prepare to write 300003
2020-07-27 14:56:43 PM - INFO - main: released memory space
2020-07-27 14:56:43 PM - INFO - main: start cycling page
2020-07-27 14:58:02 PM - INFO - main: 65 pages are cycled
2020-07-27 14:58:02 PM - INFO - main: released memory space from rurl_list
2020-07-27 14:58:02 PM - INFO - main: prepare to write 300005
2020-07-27 14:58:02 PM - INFO - main: released memory space
2020-07-27 14:58:02 PM - INFO - main: start cycling page
2020-07-27 14:59:01 PM - INFO - main: 48 pages are cycled
2020-07-27 14:59:01 PM - INFO - main: released memory space from rurl_list
2020-07-27 14:59:01 PM - INFO - main: prepare to write 600000
2020-07-27 14:59:01 PM - INFO - main: released memory space
2020-07-27 14:59:01 PM - INFO - main: start cycling page
2020-07-27 14:59:51 PM - INFO - main: 37 pages are cycled
2020-07-27 14:59:51 PM - INFO - main: released memory space from rurl_list
2020-07-27 14:59:51 PM - INFO - main: prepare to write 600004
2020-07-27 14:59:51 PM - INFO - main: released memory space
2020-07-27 14:59:51 PM - INFO - main: start cycling page
2020-07-27 15:00:47 PM - INFO - main: 41 pages are cycled
2020-07-27 15:00:47 PM - INFO - main: released memory space from rurl_list
2020-07-27 15:00:47 PM - INFO - main: prepare to write 600006
2020-07-27 15:00:47 PM - INFO - main: released memory space
2020-07-27 15:00:48 PM - INFO - main: start cycling page
2020-07-27 15:01:27 PM - INFO - main: 27 pages are cycled
2020-07-27 15:01:27 PM - INFO - main: released memory space from rurl_list
2020-07-27 15:01:27 PM - INFO - main: prepare to write 600009
2020-07-27 15:01:27 PM - INFO - main: released memory space
2020-07-27 15:01:27 PM - INFO - main: start cycling page
2020-07-27 15:02:56 PM - INFO - main: 86 pages are cycled
2020-07-27 15:02:56 PM - INFO - main: released memory space from rurl_list
2020-07-27 15:02:56 PM - INFO - main: prepare to write 600011
2020-07-27 15:02:56 PM - INFO - main: released memory space
2020-07-27 15:02:56 PM - INFO - main: start cycling page
2020-07-27 15:04:02 PM - INFO - main: 54 pages are cycled
2020-07-27 15:04:02 PM - INFO - main: released memory space from rurl_list
2020-07-27 15:04:02 PM - INFO - main: prepare to write 600012
2020-07-27 15:04:02 PM - INFO - main: released memory space
2020-07-27 15:04:02 PM - INFO - main: start cycling page
2020-07-27 15:04:42 PM - INFO - main: 31 pages are cycled
2020-07-27 15:04:42 PM - INFO - main: released memory space from rurl_list
2020-07-27 15:04:42 PM - INFO - main: prepare to write 600015
2020-07-27 15:04:42 PM - INFO - main: released memory space
2020-07-27 15:04:43 PM - INFO - main: start cycling page
2020-07-27 15:06:14 PM - INFO - main: 87 pages are cycled
2020-07-27 15:06:14 PM - INFO - main: released memory space from rurl_list
2020-07-27 15:06:14 PM - INFO - main: prepare to write 600016
2020-07-27 15:06:14 PM - INFO - main: released memory space
2020-07-27 15:06:14 PM - INFO - run: Script finished
